[handleMsg]:  Message {
  _data: {
    id: {
      fromMe: false,
      remote: '34662956514@c.us',
      id: '3EB03CE2D4C389C5F7E3A5',
      _serialized: 'false_34662956514@c.us_3EB03CE2D4C389C5F7E3A5'
    },
    viewed: false,
    body: 'error',
    type: 'chat',
    t: 1768906034,
    clientReceivedTsMillis: 1768906034872,
    notifyName: 'Iker',
    from: '34662956514@c.us',
    to: '34661369140@c.us',
    ack: 1,
    invis: false,
    isNewMsg: true,
    star: false,
    kicNotified: false,
    recvFresh: true,
    isFromTemplate: false,
    thumbnail: '',
    faviconMMSMetadata: null,
    isAdsMedia: false,
    pollInvalidated: false,
    isSentCagPollCreation: false,
    latestEditMsgKey: null,
    latestEditSenderTimestampMs: null,
    mentionedJidList: [],
    groupMentions: [],
    isEventCanceled: false,
    eventInvalidated: false,
    isVcardOverMmsDocument: false,
    questionReplyQuotedMessage: null,
    questionResponsesCount: 0,
    readQuestionResponsesCount: 0,
    forwardsCount: 0,
    hasReaction: false,
    ephemeralSettingTimestamp: 1767008185,
    disappearingModeInitiator: 'chat',
    disappearingModeTrigger: 'chat_settings',
    disappearingModeInitiatedByMe: true,
    viewMode: 'VISIBLE',
    messageSecret: {
      '0': 63,
      '1': 200,
      '2': 17,
      '3': 226,
      '4': 162,
      '5': 47,
      '6': 51,
      '7': 35,
      '8': 116,
      '9': 252,
      '10': 53,
      '11': 78,
      '12': 249,
      '13': 158,
      '14': 234,
      '15': 219,
      '16': 170,
      '17': 145,
      '18': 22,
      '19': 6,
      '20': 73,
      '21': 34,
      '22': 41,
      '23': 152,
      '24': 83,
      '25': 248,
      '26': 217,
      '27': 166,
      '28': 152,
      '29': 158,
      '30': 104,
      '31': 163
    },
    inviteGrpType: 'DEFAULT',
    productHeaderImageRejected: false,
    lastPlaybackProgress: 0,
    isDynamicReplyButtonsMsg: false,
    isCarouselCard: false,
    parentMsgId: null,
    callSilenceReason: null,
    isVideoCall: false,
    callDuration: null,
    callCreator: null,
    callParticipants: null,
    isCallLink: null,
    callLinkToken: null,
    isMdHistoryMsg: false,
    stickerSentTs: 0,
    isAvatar: false,
    lastUpdateFromServerTs: 0,
    invokedBotWid: null,
    bizBotType: null,
    botResponseTargetId: null,
    botPluginType: null,
    botPluginReferenceIndex: null,
    botPluginSearchProvider: null,
    botPluginSearchUrl: null,
    botPluginSearchQuery: null,
    botPluginMaybeParent: false,
    botReelPluginThumbnailCdnUrl: null,
    botMessageDisclaimerText: null,
    botSessionTransparencyType: null,
    botMsgBodyType: null,
    reportingTokenInfo: { reportingToken: [Object], version: 2, reportingTag: [Object] },
    requiresDirectConnection: null,
    bizContentPlaceholderType: null,
    hostedBizEncStateMismatch: false,
    senderOrRecipientAccountTypeHosted: false,
    placeholderCreatedWhenAccountIsHosted: false,
    groupHistoryBundleMessageKey: null,
    groupHistoryBundleMetadata: null,
    groupHistoryIndividualMessageInfo: null,
    links: []
  },
  mediaKey: undefined,
  id: {
    fromMe: false,
    remote: '34662956514@c.us',
    id: '3EB03CE2D4C389C5F7E3A5',
    _serialized: 'false_34662956514@c.us_3EB03CE2D4C389C5F7E3A5'
  },
  ack: 1,
  hasMedia: false,
  body: 'error',
  type: 'chat',
  timestamp: 1768906034,
  from: '34662956514',
  to: '34661369140@c.us',
  author: undefined,
  deviceType: 'android',
  isForwarded: undefined,
  forwardingScore: 0,
  isStatus: false,
  isStarred: false,
  broadcast: undefined,
  fromMe: false,
  hasQuotedMsg: false,
  hasReaction: false,
  duration: undefined,
  location: undefined,
  vCards: [],
  inviteV4: undefined,
  mentionedIds: [],
  groupMentions: [],
  orderId: undefined,
  token: undefined,
  isGif: false,
  isEphemeral: undefined,
  links: []
}
[QUEUE_SE_ENVIO]:  {
  ref: 'ans_e0cbd33f-7676-43a6-b120-650e2e30a606',
  keyword: 'key_b702ed2a-955c-4088-b119-390356e518a4',
  answer: 'Bienvenido al chat de SmartLog. Te ayudaré con el *análisis de errores*.',
  options: {
    media: null,
    buttons: [],
    capture: false,
    child: null,
    delay: 0,
    idle: null,
    ref: null,
    nested: [],
    keyword: {},
    callback: false
  },
  refSerialize: '8af12d879eb6ba2929d59ede73f8fd3e'
}
[QUEUE_SE_ENVIO]:  {
  ref: 'ans_091ae921-95a7-4f50-87c0-666e96c4de1a',
  keyword: 'ans_e0cbd33f-7676-43a6-b120-650e2e30a606',
  answer: 'A continuación, escribe *SOLO* el número de error. Por ejemplo, si tienes AutoStore con el fallo *1_LIFT_ERROR*, escribe solo el numero *1*. Si quieres errores de Smartlift, escribe *lift*',
  options: {
    media: null,
    buttons: [],
    capture: true,
    child: null,
    delay: 0,
    idle: null,
    ref: null,
    nested: [],
    keyword: {},
    callback: true
  },
  refSerialize: 'e5a1f669b3e1c4fb8ea07c9e9d000e97'
}
